
2017-02-07 16:40:03
[WARN]-[Thread: Timer-0]-[com.mchange.v2.async.ThreadPoolAsynchronousRunner$DeadlockDetector.run()]: com.mchange.v2.async.ThreadPoolAsynchronousRunner$DeadlockDetector@2af1d0a3 -- APPARENT DEADLOCK!!! Creating emergency threads for unassigned pending tasks!

2017-02-07 16:40:03
[WARN]-[Thread: Timer-0]-[com.mchange.v2.async.ThreadPoolAsynchronousRunner$DeadlockDetector.run()]: com.mchange.v2.async.ThreadPoolAsynchronousRunner$DeadlockDetector@2af1d0a3 -- APPARENT DEADLOCK!!! Complete Status: 
	Managed Threads: 3
	Active Threads: 3
	Active Tasks: 
		com.mchange.v2.resourcepool.BasicResourcePool$AcquireTask@3e103ad6 (com.mchange.v2.async.ThreadPoolAsynchronousRunner$PoolThread-#2)
		com.mchange.v2.resourcepool.BasicResourcePool$AcquireTask@1b86d76f (com.mchange.v2.async.ThreadPoolAsynchronousRunner$PoolThread-#1)
		com.mchange.v2.resourcepool.BasicResourcePool$AcquireTask@31a9c687 (com.mchange.v2.async.ThreadPoolAsynchronousRunner$PoolThread-#0)
	Pending Tasks: 
		com.mchange.v2.resourcepool.BasicResourcePool$AcquireTask@128e28a
		com.mchange.v2.resourcepool.BasicResourcePool$AcquireTask@2330d29e
		com.mchange.v2.resourcepool.BasicResourcePool$AcquireTask@5a53951e
		com.mchange.v2.resourcepool.BasicResourcePool$AcquireTask@256312e6
		com.mchange.v2.resourcepool.BasicResourcePool$AcquireTask@b6dcd37
		com.mchange.v2.resourcepool.BasicResourcePool$AcquireTask@55bbdbbd
		com.mchange.v2.resourcepool.BasicResourcePool$AcquireTask@20578144
Pool thread stack traces:
	Thread[com.mchange.v2.async.ThreadPoolAsynchronousRunner$PoolThread-#1,5,main]
		java.lang.Thread.sleep(Native Method)
		com.mchange.v2.resourcepool.BasicResourcePool$AcquireTask.run(BasicResourcePool.java:1805)
		com.mchange.v2.async.ThreadPoolAsynchronousRunner$PoolThread.run(ThreadPoolAsynchronousRunner.java:547)
	Thread[com.mchange.v2.async.ThreadPoolAsynchronousRunner$PoolThread-#0,5,main]
		java.lang.Thread.sleep(Native Method)
		com.mchange.v2.resourcepool.BasicResourcePool$AcquireTask.run(BasicResourcePool.java:1805)
		com.mchange.v2.async.ThreadPoolAsynchronousRunner$PoolThread.run(ThreadPoolAsynchronousRunner.java:547)
	Thread[com.mchange.v2.async.ThreadPoolAsynchronousRunner$PoolThread-#2,5,main]
		java.lang.Thread.sleep(Native Method)
		com.mchange.v2.resourcepool.BasicResourcePool$AcquireTask.run(BasicResourcePool.java:1805)
		com.mchange.v2.async.ThreadPoolAsynchronousRunner$PoolThread.run(ThreadPoolAsynchronousRunner.java:547)


